<?xml version="1.0" encoding="UTF-8"?>
<!-- Generated by org.testng.reporters.JUnitReportReporter -->
<testsuite hostname="Lenovo-PC" failures="0" tests="2" name="keys.KeysTypingTest" time="8.491" errors="0" timestamp="2020-04-13T15:21:42 CEST" skipped="0">
  <testcase classname="keys.KeysTypingTest" name="testBackspace" time="7.372"/>
  <system-out/>
  <testcase classname="keys.KeysTypingTest" name="testMultiButtonPress" time="1.119"/>
  <system-out/>
</testsuite> <!-- keys.KeysTypingTest -->
