<?xml version="1.0" encoding="UTF-8"?>
<!-- Generated by org.testng.reporters.JUnitReportReporter -->
<testsuite hostname="Lenovo-PC" failures="0" tests="1" name="hover.HoverTest" time="3.460" errors="0" timestamp="2020-04-13T16:47:06 CEST" skipped="0">
  <testcase classname="hover.HoverTest" name="testScreenSh" time="3.460"/>
  <system-out/>
</testsuite> <!-- hover.HoverTest -->
