<?xml version="1.0" encoding="UTF-8"?>
<!-- Generated by org.testng.reporters.JUnitReportReporter -->
<testsuite hostname="Lenovo-PC" failures="0" tests="1" name="hover.ScreenTest" time="2.310" errors="0" timestamp="2020-04-13T16:48:34 CEST" skipped="0">
  <testcase classname="hover.ScreenTest" name="testScreenSh" time="2.310"/>
  <system-out/>
</testsuite> <!-- hover.ScreenTest -->
